CRITICAL - 2024-05-28 00:02:19 --> ErrorException: include(db_connect.php): Failed to open stream: No such file or directory
[Method: GET, Route: /]
in APPPATH\Views\dash.php on line 1.
 1 APPPATH\Views\dash.php(1): CodeIgniter\Debug\Exceptions->errorHandler(2, 'include(db_connect.php): Failed to open stream: No such file or directory', 'C:\\xampp\\htdocs\\Grow Adapt\\app\\Views\\dash.php', 1)
 2 APPPATH\Views\dash.php(1): include()
 3 SYSTEMPATH\View\View.php(234): include('C:\\xampp\\htdocs\\Grow Adapt\\app\\Views\\dash.php')
 4 SYSTEMPATH\View\View.php(237): CodeIgniter\View\View->CodeIgniter\View\{closure}()
 5 SYSTEMPATH\Common.php(1171): CodeIgniter\View\View->render('dash', [], true)
 6 APPPATH\Controllers\Home.php(9): view('dash')
 7 SYSTEMPATH\CodeIgniter.php(933): App\Controllers\Home->index()
 8 SYSTEMPATH\CodeIgniter.php(509): CodeIgniter\CodeIgniter->runController(Object(App\Controllers\Home))
 9 SYSTEMPATH\CodeIgniter.php(355): CodeIgniter\CodeIgniter->handleRequest(null, Object(Config\Cache), false)
10 SYSTEMPATH\Boot.php(312): CodeIgniter\CodeIgniter->run()
11 SYSTEMPATH\Boot.php(67): CodeIgniter\Boot::runCodeIgniter(Object(CodeIgniter\CodeIgniter))
12 FCPATH\index.php(56): CodeIgniter\Boot::bootWeb(Object(Config\Paths))
13 SYSTEMPATH\Commands\Server\rewrite.php(49): require_once('C:\\xampp\\htdocs\\Grow Adapt\\public\\index.php')
CRITICAL - 2024-05-28 00:02:23 --> ErrorException: include(db_connect.php): Failed to open stream: No such file or directory
[Method: GET, Route: /]
in APPPATH\Views\dash.php on line 1.
 1 APPPATH\Views\dash.php(1): CodeIgniter\Debug\Exceptions->errorHandler(2, 'include(db_connect.php): Failed to open stream: No such file or directory', 'C:\\xampp\\htdocs\\Grow Adapt\\app\\Views\\dash.php', 1)
 2 APPPATH\Views\dash.php(1): include()
 3 SYSTEMPATH\View\View.php(234): include('C:\\xampp\\htdocs\\Grow Adapt\\app\\Views\\dash.php')
 4 SYSTEMPATH\View\View.php(237): CodeIgniter\View\View->CodeIgniter\View\{closure}()
 5 SYSTEMPATH\Common.php(1171): CodeIgniter\View\View->render('dash', [], true)
 6 APPPATH\Controllers\Home.php(9): view('dash')
 7 SYSTEMPATH\CodeIgniter.php(933): App\Controllers\Home->index()
 8 SYSTEMPATH\CodeIgniter.php(509): CodeIgniter\CodeIgniter->runController(Object(App\Controllers\Home))
 9 SYSTEMPATH\CodeIgniter.php(355): CodeIgniter\CodeIgniter->handleRequest(null, Object(Config\Cache), false)
10 SYSTEMPATH\Boot.php(312): CodeIgniter\CodeIgniter->run()
11 SYSTEMPATH\Boot.php(67): CodeIgniter\Boot::runCodeIgniter(Object(CodeIgniter\CodeIgniter))
12 FCPATH\index.php(56): CodeIgniter\Boot::bootWeb(Object(Config\Paths))
13 SYSTEMPATH\Commands\Server\rewrite.php(49): require_once('C:\\xampp\\htdocs\\Grow Adapt\\public\\index.php')
CRITICAL - 2024-05-28 00:02:24 --> ErrorException: include(db_connect.php): Failed to open stream: No such file or directory
[Method: GET, Route: /]
in APPPATH\Views\dash.php on line 1.
 1 APPPATH\Views\dash.php(1): CodeIgniter\Debug\Exceptions->errorHandler(2, 'include(db_connect.php): Failed to open stream: No such file or directory', 'C:\\xampp\\htdocs\\Grow Adapt\\app\\Views\\dash.php', 1)
 2 APPPATH\Views\dash.php(1): include()
 3 SYSTEMPATH\View\View.php(234): include('C:\\xampp\\htdocs\\Grow Adapt\\app\\Views\\dash.php')
 4 SYSTEMPATH\View\View.php(237): CodeIgniter\View\View->CodeIgniter\View\{closure}()
 5 SYSTEMPATH\Common.php(1171): CodeIgniter\View\View->render('dash', [], true)
 6 APPPATH\Controllers\Home.php(9): view('dash')
 7 SYSTEMPATH\CodeIgniter.php(933): App\Controllers\Home->index()
 8 SYSTEMPATH\CodeIgniter.php(509): CodeIgniter\CodeIgniter->runController(Object(App\Controllers\Home))
 9 SYSTEMPATH\CodeIgniter.php(355): CodeIgniter\CodeIgniter->handleRequest(null, Object(Config\Cache), false)
10 SYSTEMPATH\Boot.php(312): CodeIgniter\CodeIgniter->run()
11 SYSTEMPATH\Boot.php(67): CodeIgniter\Boot::runCodeIgniter(Object(CodeIgniter\CodeIgniter))
12 FCPATH\index.php(56): CodeIgniter\Boot::bootWeb(Object(Config\Paths))
13 SYSTEMPATH\Commands\Server\rewrite.php(49): require_once('C:\\xampp\\htdocs\\Grow Adapt\\public\\index.php')
CRITICAL - 2024-05-28 00:02:24 --> ErrorException: include(db_connect.php): Failed to open stream: No such file or directory
[Method: GET, Route: /]
in APPPATH\Views\dash.php on line 1.
 1 APPPATH\Views\dash.php(1): CodeIgniter\Debug\Exceptions->errorHandler(2, 'include(db_connect.php): Failed to open stream: No such file or directory', 'C:\\xampp\\htdocs\\Grow Adapt\\app\\Views\\dash.php', 1)
 2 APPPATH\Views\dash.php(1): include()
 3 SYSTEMPATH\View\View.php(234): include('C:\\xampp\\htdocs\\Grow Adapt\\app\\Views\\dash.php')
 4 SYSTEMPATH\View\View.php(237): CodeIgniter\View\View->CodeIgniter\View\{closure}()
 5 SYSTEMPATH\Common.php(1171): CodeIgniter\View\View->render('dash', [], true)
 6 APPPATH\Controllers\Home.php(9): view('dash')
 7 SYSTEMPATH\CodeIgniter.php(933): App\Controllers\Home->index()
 8 SYSTEMPATH\CodeIgniter.php(509): CodeIgniter\CodeIgniter->runController(Object(App\Controllers\Home))
 9 SYSTEMPATH\CodeIgniter.php(355): CodeIgniter\CodeIgniter->handleRequest(null, Object(Config\Cache), false)
10 SYSTEMPATH\Boot.php(312): CodeIgniter\CodeIgniter->run()
11 SYSTEMPATH\Boot.php(67): CodeIgniter\Boot::runCodeIgniter(Object(CodeIgniter\CodeIgniter))
12 FCPATH\index.php(56): CodeIgniter\Boot::bootWeb(Object(Config\Paths))
13 SYSTEMPATH\Commands\Server\rewrite.php(49): require_once('C:\\xampp\\htdocs\\Grow Adapt\\public\\index.php')
CRITICAL - 2024-05-28 00:02:25 --> ErrorException: include(db_connect.php): Failed to open stream: No such file or directory
[Method: GET, Route: /]
in APPPATH\Views\dash.php on line 1.
 1 APPPATH\Views\dash.php(1): CodeIgniter\Debug\Exceptions->errorHandler(2, 'include(db_connect.php): Failed to open stream: No such file or directory', 'C:\\xampp\\htdocs\\Grow Adapt\\app\\Views\\dash.php', 1)
 2 APPPATH\Views\dash.php(1): include()
 3 SYSTEMPATH\View\View.php(234): include('C:\\xampp\\htdocs\\Grow Adapt\\app\\Views\\dash.php')
 4 SYSTEMPATH\View\View.php(237): CodeIgniter\View\View->CodeIgniter\View\{closure}()
 5 SYSTEMPATH\Common.php(1171): CodeIgniter\View\View->render('dash', [], true)
 6 APPPATH\Controllers\Home.php(9): view('dash')
 7 SYSTEMPATH\CodeIgniter.php(933): App\Controllers\Home->index()
 8 SYSTEMPATH\CodeIgniter.php(509): CodeIgniter\CodeIgniter->runController(Object(App\Controllers\Home))
 9 SYSTEMPATH\CodeIgniter.php(355): CodeIgniter\CodeIgniter->handleRequest(null, Object(Config\Cache), false)
10 SYSTEMPATH\Boot.php(312): CodeIgniter\CodeIgniter->run()
11 SYSTEMPATH\Boot.php(67): CodeIgniter\Boot::runCodeIgniter(Object(CodeIgniter\CodeIgniter))
12 FCPATH\index.php(56): CodeIgniter\Boot::bootWeb(Object(Config\Paths))
13 SYSTEMPATH\Commands\Server\rewrite.php(49): require_once('C:\\xampp\\htdocs\\Grow Adapt\\public\\index.php')
CRITICAL - 2024-05-28 00:15:48 --> ErrorException: include(db_connect.php): Failed to open stream: No such file or directory
[Method: GET, Route: /]
in APPPATH\Views\dash.php on line 1.
 1 APPPATH\Views\dash.php(1): CodeIgniter\Debug\Exceptions->errorHandler(2, 'include(db_connect.php): Failed to open stream: No such file or directory', 'C:\\xampp\\htdocs\\Grow Adapt\\app\\Views\\dash.php', 1)
 2 APPPATH\Views\dash.php(1): include()
 3 SYSTEMPATH\View\View.php(234): include('C:\\xampp\\htdocs\\Grow Adapt\\app\\Views\\dash.php')
 4 SYSTEMPATH\View\View.php(237): CodeIgniter\View\View->CodeIgniter\View\{closure}()
 5 SYSTEMPATH\Common.php(1171): CodeIgniter\View\View->render('dash', [], true)
 6 APPPATH\Controllers\Home.php(9): view('dash')
 7 SYSTEMPATH\CodeIgniter.php(933): App\Controllers\Home->index()
 8 SYSTEMPATH\CodeIgniter.php(509): CodeIgniter\CodeIgniter->runController(Object(App\Controllers\Home))
 9 SYSTEMPATH\CodeIgniter.php(355): CodeIgniter\CodeIgniter->handleRequest(null, Object(Config\Cache), false)
10 SYSTEMPATH\Boot.php(312): CodeIgniter\CodeIgniter->run()
11 SYSTEMPATH\Boot.php(67): CodeIgniter\Boot::runCodeIgniter(Object(CodeIgniter\CodeIgniter))
12 FCPATH\index.php(56): CodeIgniter\Boot::bootWeb(Object(Config\Paths))
13 SYSTEMPATH\Commands\Server\rewrite.php(49): require_once('C:\\xampp\\htdocs\\Grow Adapt\\public\\index.php')
CRITICAL - 2024-05-28 00:15:52 --> ErrorException: include(db_connect.php): Failed to open stream: No such file or directory
[Method: GET, Route: /]
in APPPATH\Views\dash.php on line 1.
 1 APPPATH\Views\dash.php(1): CodeIgniter\Debug\Exceptions->errorHandler(2, 'include(db_connect.php): Failed to open stream: No such file or directory', 'C:\\xampp\\htdocs\\Grow Adapt\\app\\Views\\dash.php', 1)
 2 APPPATH\Views\dash.php(1): include()
 3 SYSTEMPATH\View\View.php(234): include('C:\\xampp\\htdocs\\Grow Adapt\\app\\Views\\dash.php')
 4 SYSTEMPATH\View\View.php(237): CodeIgniter\View\View->CodeIgniter\View\{closure}()
 5 SYSTEMPATH\Common.php(1171): CodeIgniter\View\View->render('dash', [], true)
 6 APPPATH\Controllers\Home.php(9): view('dash')
 7 SYSTEMPATH\CodeIgniter.php(933): App\Controllers\Home->index()
 8 SYSTEMPATH\CodeIgniter.php(509): CodeIgniter\CodeIgniter->runController(Object(App\Controllers\Home))
 9 SYSTEMPATH\CodeIgniter.php(355): CodeIgniter\CodeIgniter->handleRequest(null, Object(Config\Cache), false)
10 SYSTEMPATH\Boot.php(312): CodeIgniter\CodeIgniter->run()
11 SYSTEMPATH\Boot.php(67): CodeIgniter\Boot::runCodeIgniter(Object(CodeIgniter\CodeIgniter))
12 FCPATH\index.php(56): CodeIgniter\Boot::bootWeb(Object(Config\Paths))
13 SYSTEMPATH\Commands\Server\rewrite.php(49): require_once('C:\\xampp\\htdocs\\Grow Adapt\\public\\index.php')
CRITICAL - 2024-05-28 00:15:53 --> ErrorException: include(db_connect.php): Failed to open stream: No such file or directory
[Method: GET, Route: /]
in APPPATH\Views\dash.php on line 1.
 1 APPPATH\Views\dash.php(1): CodeIgniter\Debug\Exceptions->errorHandler(2, 'include(db_connect.php): Failed to open stream: No such file or directory', 'C:\\xampp\\htdocs\\Grow Adapt\\app\\Views\\dash.php', 1)
 2 APPPATH\Views\dash.php(1): include()
 3 SYSTEMPATH\View\View.php(234): include('C:\\xampp\\htdocs\\Grow Adapt\\app\\Views\\dash.php')
 4 SYSTEMPATH\View\View.php(237): CodeIgniter\View\View->CodeIgniter\View\{closure}()
 5 SYSTEMPATH\Common.php(1171): CodeIgniter\View\View->render('dash', [], true)
 6 APPPATH\Controllers\Home.php(9): view('dash')
 7 SYSTEMPATH\CodeIgniter.php(933): App\Controllers\Home->index()
 8 SYSTEMPATH\CodeIgniter.php(509): CodeIgniter\CodeIgniter->runController(Object(App\Controllers\Home))
 9 SYSTEMPATH\CodeIgniter.php(355): CodeIgniter\CodeIgniter->handleRequest(null, Object(Config\Cache), false)
10 SYSTEMPATH\Boot.php(312): CodeIgniter\CodeIgniter->run()
11 SYSTEMPATH\Boot.php(67): CodeIgniter\Boot::runCodeIgniter(Object(CodeIgniter\CodeIgniter))
12 FCPATH\index.php(56): CodeIgniter\Boot::bootWeb(Object(Config\Paths))
13 SYSTEMPATH\Commands\Server\rewrite.php(49): require_once('C:\\xampp\\htdocs\\Grow Adapt\\public\\index.php')
CRITICAL - 2024-05-28 00:15:54 --> ErrorException: include(db_connect.php): Failed to open stream: No such file or directory
[Method: GET, Route: /]
in APPPATH\Views\dash.php on line 1.
 1 APPPATH\Views\dash.php(1): CodeIgniter\Debug\Exceptions->errorHandler(2, 'include(db_connect.php): Failed to open stream: No such file or directory', 'C:\\xampp\\htdocs\\Grow Adapt\\app\\Views\\dash.php', 1)
 2 APPPATH\Views\dash.php(1): include()
 3 SYSTEMPATH\View\View.php(234): include('C:\\xampp\\htdocs\\Grow Adapt\\app\\Views\\dash.php')
 4 SYSTEMPATH\View\View.php(237): CodeIgniter\View\View->CodeIgniter\View\{closure}()
 5 SYSTEMPATH\Common.php(1171): CodeIgniter\View\View->render('dash', [], true)
 6 APPPATH\Controllers\Home.php(9): view('dash')
 7 SYSTEMPATH\CodeIgniter.php(933): App\Controllers\Home->index()
 8 SYSTEMPATH\CodeIgniter.php(509): CodeIgniter\CodeIgniter->runController(Object(App\Controllers\Home))
 9 SYSTEMPATH\CodeIgniter.php(355): CodeIgniter\CodeIgniter->handleRequest(null, Object(Config\Cache), false)
10 SYSTEMPATH\Boot.php(312): CodeIgniter\CodeIgniter->run()
11 SYSTEMPATH\Boot.php(67): CodeIgniter\Boot::runCodeIgniter(Object(CodeIgniter\CodeIgniter))
12 FCPATH\index.php(56): CodeIgniter\Boot::bootWeb(Object(Config\Paths))
13 SYSTEMPATH\Commands\Server\rewrite.php(49): require_once('C:\\xampp\\htdocs\\Grow Adapt\\public\\index.php')
CRITICAL - 2024-05-28 10:29:41 --> ErrorException: include(db_connect.php): Failed to open stream: No such file or directory
[Method: GET, Route: /]
in APPPATH\Views\dash.php on line 1.
 1 APPPATH\Views\dash.php(1): CodeIgniter\Debug\Exceptions->errorHandler(2, 'include(db_connect.php): Failed to open stream: No such file or directory', 'C:\\xampp\\htdocs\\Grow Adapt\\app\\Views\\dash.php', 1)
 2 APPPATH\Views\dash.php(1): include()
 3 SYSTEMPATH\View\View.php(234): include('C:\\xampp\\htdocs\\Grow Adapt\\app\\Views\\dash.php')
 4 SYSTEMPATH\View\View.php(237): CodeIgniter\View\View->CodeIgniter\View\{closure}()
 5 SYSTEMPATH\Common.php(1171): CodeIgniter\View\View->render('dash', [], true)
 6 APPPATH\Controllers\Home.php(9): view('dash')
 7 SYSTEMPATH\CodeIgniter.php(933): App\Controllers\Home->index()
 8 SYSTEMPATH\CodeIgniter.php(509): CodeIgniter\CodeIgniter->runController(Object(App\Controllers\Home))
 9 SYSTEMPATH\CodeIgniter.php(355): CodeIgniter\CodeIgniter->handleRequest(null, Object(Config\Cache), false)
10 SYSTEMPATH\Boot.php(312): CodeIgniter\CodeIgniter->run()
11 SYSTEMPATH\Boot.php(67): CodeIgniter\Boot::runCodeIgniter(Object(CodeIgniter\CodeIgniter))
12 FCPATH\index.php(56): CodeIgniter\Boot::bootWeb(Object(Config\Paths))
13 SYSTEMPATH\Commands\Server\rewrite.php(49): require_once('C:\\xampp\\htdocs\\Grow Adapt\\public\\index.php')
CRITICAL - 2024-05-28 10:32:26 --> CodeIgniter\View\Exceptions\ViewException: Invalid file: "dash.php"
[Method: GET, Route: /]
in SYSTEMPATH\Exceptions\FrameworkException.php on line 41.
 1 SYSTEMPATH\View\View.php(222): CodeIgniter\Exceptions\FrameworkException::forInvalidFile('dash.php')
 2 SYSTEMPATH\Common.php(1171): CodeIgniter\View\View->render('dash', [], true)
 3 APPPATH\Controllers\Home.php(9): view('dash')
 4 SYSTEMPATH\CodeIgniter.php(933): App\Controllers\Home->index()
 5 SYSTEMPATH\CodeIgniter.php(509): CodeIgniter\CodeIgniter->runController(Object(App\Controllers\Home))
 6 SYSTEMPATH\CodeIgniter.php(355): CodeIgniter\CodeIgniter->handleRequest(null, Object(Config\Cache), false)
 7 SYSTEMPATH\Boot.php(312): CodeIgniter\CodeIgniter->run()
 8 SYSTEMPATH\Boot.php(67): CodeIgniter\Boot::runCodeIgniter(Object(CodeIgniter\CodeIgniter))
 9 FCPATH\index.php(56): CodeIgniter\Boot::bootWeb(Object(Config\Paths))
10 SYSTEMPATH\Commands\Server\rewrite.php(49): require_once('C:\\xampp\\htdocs\\Grow Adapt\\public\\index.php')
CRITICAL - 2024-05-28 10:32:28 --> CodeIgniter\View\Exceptions\ViewException: Invalid file: "dash.php"
[Method: GET, Route: /]
in SYSTEMPATH\Exceptions\FrameworkException.php on line 41.
 1 SYSTEMPATH\View\View.php(222): CodeIgniter\Exceptions\FrameworkException::forInvalidFile('dash.php')
 2 SYSTEMPATH\Common.php(1171): CodeIgniter\View\View->render('dash', [], true)
 3 APPPATH\Controllers\Home.php(9): view('dash')
 4 SYSTEMPATH\CodeIgniter.php(933): App\Controllers\Home->index()
 5 SYSTEMPATH\CodeIgniter.php(509): CodeIgniter\CodeIgniter->runController(Object(App\Controllers\Home))
 6 SYSTEMPATH\CodeIgniter.php(355): CodeIgniter\CodeIgniter->handleRequest(null, Object(Config\Cache), false)
 7 SYSTEMPATH\Boot.php(312): CodeIgniter\CodeIgniter->run()
 8 SYSTEMPATH\Boot.php(67): CodeIgniter\Boot::runCodeIgniter(Object(CodeIgniter\CodeIgniter))
 9 FCPATH\index.php(56): CodeIgniter\Boot::bootWeb(Object(Config\Paths))
10 SYSTEMPATH\Commands\Server\rewrite.php(49): require_once('C:\\xampp\\htdocs\\Grow Adapt\\public\\index.php')
